<?xml version="1.0" encoding="UTF-8"?>
<!-- Generated by org.testng.reporters.JUnitXMLReporter -->
<testsuite ignored="0" hostname="DESKTOP-M9BLJAP" failures="0" tests="9" name="Default test" time="113.154" errors="0" timestamp="2025-08-14T18:58:45 EET">
  <testcase classname="myTests.MyTestCases" name="checkTheHomePage" time="3.067"/>
  <testcase classname="myTests.MyTestCases" name="searchForHotels" time="36.571"/>
  <testcase classname="myTests.MyTestCases" name="testLanguageSelection" time="7.589"/>
  <testcase classname="myTests.MyTestCases" name="testCurrencySelection" time="6.475"/>
  <testcase classname="myTests.MyTestCases" name="openHotelAndBook" time="12.698"/>
  <testcase classname="myTests.MyTestCases" name="fillBookingForm" time="5.904"/>
  <testcase classname="myTests.MyTestCases" name="signUpProcess" time="28.181"/>
  <testcase classname="myTests.MyTestCases" name="testSupportPage" time="1.872"/>
  <testcase classname="myTests.MyTestCases" name="checkOfferPage" time="5.712"/>
</testsuite> <!-- Default test -->
